#
# A fatal error has been detected by the Java Runtime Environment:
#
#  EXCEPTION_ACCESS_VIOLATION (0xc0000005) at pc=0x000000005a70226b, pid=12708, tid=10524
#
# JRE version: Java(TM) SE Runtime Environment (7.0_40-b43) (build 1.7.0_40-b43)
# Java VM: Java HotSpot(TM) 64-Bit Server VM (24.0-b56 mixed mode windows-amd64 compressed oops)
# Problematic frame:
# V  [jvm.dll+0x14226b]
#
# Failed to write core dump. Minidumps are not enabled by default on client versions of Windows
#
# If you would like to submit a bug report, please visit:
#   http://bugreport.sun.com/bugreport/crash.jsp
#

---------------  T H R E A D  ---------------

Current thread (0x0000000007ee4800):  JavaThread "JDWP Transport Listener: dt_socket" daemon [_thread_in_vm, id=10524, stack(0x0000000009450000,0x0000000009550000)]

siginfo: ExceptionCode=0xc0000005, reading address 0xffffffffffffffff

Registers:
RAX=0x000000000954f501, RBX=0x0000000007ee4800, RCX=0x6e00003b00003b72, RDX=0x0000000000000000
RSP=0x000000000954f4f0, RBP=0x6e00003b00003b72, RSI=0x000000000954f608, RDI=0x00000000020e9850
R8 =0x0000000007ee4800, R9 =0x000000000c49d2b0, R10=0x00007fff8e6a0000, R11=0x000000000c69a857
R12=0x0000000000000000, R13=0x0000000007ed3828, R14=0x0000000000000000, R15=0x0000000000000000
RIP=0x000000005a70226b, EFLAGS=0x0000000000010206

Top of Stack: (sp=0x000000000954f4f0)
0x000000000954f4f0:   0000000007ee4800 0000000000000007
0x000000000954f500:   000000000954f5b8 000000005a8a0f29
0x000000000954f510:   0000000007ee4800 000000005a8bead2
0x000000000954f520:   0000000000000000 000000005a338e89
0x000000000954f530:   000000000c708498 000000005a34265a
0x000000000954f540:   0000000007ee4800 0000000000000000
0x000000000954f550:   0000000000000000 0000000000000000
0x000000000954f560:   6e00003b00003b72 000000005a341751
0x000000000954f570:   000000000954f608 000000000954f5e0
0x000000000954f580:   0000000000000001 000000000c708498
0x000000000954f590:   6e00003b00003b72 000000005a3253b3
0x000000000954f5a0:   000000000954f6d0 0000000000000001
0x000000000954f5b0:   0000000000000001 000000000c708498
0x000000000954f5c0:   00000000f0001041 0000000000000000
0x000000000954f5d0:   0000000000000000 0000000000000000
0x000000000954f5e0:   0000000000000001 000000005a325571 

Instructions: (pc=0x000000005a70226b)
0x000000005a70224b:   48 8b 5c 24 30 48 89 47 18 48 83 c4 20 5f c3 cc
0x000000005a70225b:   cc cc cc cc cc 40 53 48 83 ec 20 48 85 c9 74 54
0x000000005a70226b:   48 8b 19 48 85 db 74 4c 48 b8 fe fe fe fe fe fe
0x000000005a70227b:   fe fe 48 3b d8 74 3d 80 3d af 89 60 00 00 74 15 


Register to memory mapping:

RAX=0x000000000954f501 is pointing into the stack for thread: 0x0000000007ee4800
RBX=0x0000000007ee4800 is a thread
RCX=0x6e00003b00003b72 is an unknown value
RDX=0x0000000000000000 is an unknown value
RSP=0x000000000954f4f0 is pointing into the stack for thread: 0x0000000007ee4800
RBP=0x6e00003b00003b72 is an unknown value
RSI=0x000000000954f608 is pointing into the stack for thread: 0x0000000007ee4800
RDI=0x00000000020e9850 is an unknown value
R8 =0x0000000007ee4800 is a thread
R9 =0x000000000c49d2b0 is an unknown value
R10=0x00007fff8e6a0000 is an unknown value
R11=0x000000000c69a857 is an unknown value
R12=0x0000000000000000 is an unknown value
R13=0x0000000007ed3828 is an unknown value
R14=0x0000000000000000 is an unknown value
R15=0x0000000000000000 is an unknown value


Stack: [0x0000000009450000,0x0000000009550000],  sp=0x000000000954f4f0,  free space=1021k
Native frames: (J=compiled Java code, j=interpreted, Vv=VM code, C=native code)
V  [jvm.dll+0x14226b]


---------------  P R O C E S S  ---------------

Java Threads: ( => current thread )
  0x000000000a0f2800 JavaThread "pool-19-thread-1" daemon [_thread_blocked, id=10904, stack(0x000000000ebd0000,0x000000000ecd0000)]
  0x000000000a0f1800 JavaThread "Executor #1 for master" [_thread_blocked, id=8824, stack(0x000000000ead0000,0x000000000ebd0000)]
  0x000000000a0eb800 JavaThread "Executor #0 for master" [_thread_blocked, id=10924, stack(0x000000000e9d0000,0x000000000ead0000)]
  0x000000000a0ee800 JavaThread "Jenkins UDP 33848 monitoring thread" [_thread_in_native, id=12656, stack(0x000000000e8d0000,0x000000000e9d0000)]
  0x000000000a0e8000 JavaThread "TCP slave agent listener port=0" [_thread_in_native, id=8616, stack(0x000000000e7d0000,0x000000000e8d0000)]
  0x000000000a0ee000 JavaThread "NioSocketAcceptor-1" [_thread_in_native, id=11072, stack(0x000000000f8d0000,0x000000000f9d0000)]
  0x000000000a0ea000 JavaThread "ViewJob reload thread" [_thread_blocked, id=5276, stack(0x000000000f7d0000,0x000000000f8d0000)]
  0x000000000a807000 JavaThread "Jenkins cron thread" [_thread_blocked, id=10540, stack(0x000000000e5d0000,0x000000000e6d0000)]
  0x000000000a805000 JavaThread "Console scanner" daemon [_thread_blocked, id=5440, stack(0x000000000e4d0000,0x000000000e5d0000)]
  0x000000000a806800 JavaThread "btpool0-1 - Acceptor0 SelectChannelConnector @ 0.0.0.0:8080" [_thread_in_native, id=12832, stack(0x000000000e3d0000,0x000000000e4d0000)]
  0x000000000b04f800 JavaThread "Java2D Disposer" daemon [_thread_blocked, id=10600, stack(0x000000000e1d0000,0x000000000e2d0000)]
  0x000000000ac36000 JavaThread "btpool0-0 - Invalidator - /jenkins" [_thread_blocked, id=5228, stack(0x000000000e0d0000,0x000000000e1d0000)]
  0x000000000b227800 JavaThread "resolver-5" daemon [_thread_blocked, id=440, stack(0x000000000dfd0000,0x000000000e0d0000)]
  0x000000000c500800 JavaThread "resolver-4" daemon [_thread_blocked, id=10108, stack(0x000000000ded0000,0x000000000dfd0000)]
  0x000000000b471800 JavaThread "resolver-3" daemon [_thread_blocked, id=9024, stack(0x000000000ddd0000,0x000000000ded0000)]
  0x000000000bd4c000 JavaThread "resolver-2" daemon [_thread_blocked, id=9288, stack(0x000000000ccb0000,0x000000000cdb0000)]
  0x000000000b5ed000 JavaThread "resolver-1" daemon [_thread_blocked, id=10272, stack(0x000000000bb30000,0x000000000bc30000)]
  0x0000000007f09000 JavaThread "Service Thread" daemon [_thread_blocked, id=11664, stack(0x0000000009950000,0x0000000009a50000)]
  0x0000000007f08800 JavaThread "C2 CompilerThread1" daemon [_thread_blocked, id=7496, stack(0x0000000009850000,0x0000000009950000)]
  0x0000000007efc000 JavaThread "C2 CompilerThread0" daemon [_thread_blocked, id=11432, stack(0x0000000009750000,0x0000000009850000)]
  0x0000000007eec800 JavaThread "JDWP Command Reader" daemon [_thread_in_native, id=3292, stack(0x0000000009650000,0x0000000009750000)]
  0x0000000007ee9800 JavaThread "JDWP Event Helper Thread" daemon [_thread_blocked, id=10972, stack(0x0000000009550000,0x0000000009650000)]
=>0x0000000007ee4800 JavaThread "JDWP Transport Listener: dt_socket" daemon [_thread_in_vm, id=10524, stack(0x0000000009450000,0x0000000009550000)]
  0x0000000007ed4800 JavaThread "Attach Listener" daemon [_thread_blocked, id=7416, stack(0x0000000009350000,0x0000000009450000)]
  0x0000000007ed1800 JavaThread "Signal Dispatcher" daemon [_thread_blocked, id=160, stack(0x0000000009250000,0x0000000009350000)]
  0x0000000007ea0000 JavaThread "Finalizer" daemon [_thread_blocked, id=6988, stack(0x0000000009150000,0x0000000009250000)]
  0x0000000007e95000 JavaThread "Reference Handler" daemon [_thread_blocked, id=13304, stack(0x0000000009050000,0x0000000009150000)]
  0x00000000020ee000 JavaThread "main" [_thread_blocked, id=12784, stack(0x0000000001f10000,0x0000000002010000)]

Other Threads:
  0x0000000007e91000 VMThread [stack: 0x0000000008f50000,0x0000000009050000] [id=7376]
  0x0000000007efd000 WatcherThread [stack: 0x0000000009a50000,0x0000000009b50000] [id=12136]

VM state:not at safepoint (normal execution)

VM Mutex/Monitor currently owned by a thread: None

Heap
 PSYoungGen      total 141312K, used 72229K [0x00000000eb280000, 0x00000000f7700000, 0x0000000100000000)
  eden space 139776K, 50% used [0x00000000eb280000,0x00000000ef7e95b0,0x00000000f3b00000)
  from space 1536K, 75% used [0x00000000f7200000,0x00000000f7320040,0x00000000f7380000)
  to   space 3072K, 0% used [0x00000000f7400000,0x00000000f7400000,0x00000000f7700000)
 ParOldGen       total 129536K, used 115309K [0x00000000c1800000, 0x00000000c9680000, 0x00000000eb280000)
  object space 129536K, 89% used [0x00000000c1800000,0x00000000c889b618,0x00000000c9680000)
 PSPermGen       total 83968K, used 53672K [0x00000000bc600000, 0x00000000c1800000, 0x00000000c1800000)
  object space 83968K, 63% used [0x00000000bc600000,0x00000000bfa6a308,0x00000000c1800000)

Card table byte_map: [0x00000000051f0000,0x0000000005410000] byte_map_base: 0x0000000004c0d000

Polling page: 0x0000000001e70000

Code Cache  [0x00000000021f0000, 0x0000000002a80000, 0x00000000051f0000)
 total_blobs=2665 nmethods=1996 adapters=627 free_code_cache=40527Kb largest_free_block=41396288

Compilation events (10 events):
Event: 2107.323 Thread 0x0000000007f08800 2260             java.util.concurrent.ConcurrentHashMap$HashIterator::advance (96 bytes)
Event: 2107.336 Thread 0x0000000007f08800 nmethod 2260 0x0000000002a16390 code [0x0000000002a164e0, 0x0000000002a16638]
Event: 2243.817 Thread 0x0000000007efc000 2261             org.mortbay.thread.Timeout::setNow (6 bytes)
Event: 2243.818 Thread 0x0000000007efc000 nmethod 2261 0x0000000002475790 code [0x00000000024758c0, 0x0000000002475918]
Event: 2468.658 Thread 0x0000000007f08800 2262             jenkins.model.Jenkins::getDescriptorByType (52 bytes)
Event: 2470.367 Thread 0x0000000007f08800 nmethod 2262 0x000000000290d690 code [0x000000000290d840, 0x000000000290e178]
Event: 2623.937 Thread 0x0000000007efc000 2263             java.lang.System$2::blockedOn (6 bytes)
Event: 2623.943 Thread 0x0000000007efc000 nmethod 2263 0x0000000002936a50 code [0x0000000002936ba0, 0x0000000002936e78]
Event: 2634.940 Thread 0x0000000007f08800 2264             java.nio.channels.spi.AbstractInterruptibleChannel::blockedOn (13 bytes)
Event: 2634.946 Thread 0x0000000007f08800 nmethod 2264 0x0000000002a69b90 code [0x0000000002a69ce0, 0x0000000002a69ff8]

GC Heap History (10 events):
Event: 1143.809 GC heap before
{Heap before GC invocations=161 (full 6):
 PSYoungGen      total 101376K, used 101152K [0x00000000eb280000, 0x00000000f7b80000, 0x0000000100000000)
  eden space 99840K, 100% used [0x00000000eb280000,0x00000000f1400000,0x00000000f1400000)
  from space 1536K, 85% used [0x00000000f7a00000,0x00000000f7b48000,0x00000000f7b80000)
  to   space 2560K, 0% used [0x00000000f7680000,0x00000000f7680000,0x00000000f7900000)
 ParOldGen       total 129536K, used 110321K [0x00000000c1800000, 0x00000000c9680000, 0x00000000eb280000)
  object space 129536K, 85% used [0x00000000c1800000,0x00000000c83bc608,0x00000000c9680000)
 PSPermGen       total 83968K, used 53551K [0x00000000bc600000, 0x00000000c1800000, 0x00000000c1800000)
  object space 83968K, 63% used [0x00000000bc600000,0x00000000bfa4bd08,0x00000000c1800000)
Event: 1143.815 GC heap after
Heap after GC invocations=161 (full 6):
 PSYoungGen      total 117760K, used 2336K [0x00000000eb280000, 0x00000000f7a80000, 0x0000000100000000)
  eden space 115200K, 0% used [0x00000000eb280000,0x00000000eb280000,0x00000000f2300000)
  from space 2560K, 91% used [0x00000000f7680000,0x00000000f78c8000,0x00000000f7900000)
  to   space 1536K, 0% used [0x00000000f7900000,0x00000000f7900000,0x00000000f7a80000)
 ParOldGen       total 129536K, used 111349K [0x00000000c1800000, 0x00000000c9680000, 0x00000000eb280000)
  object space 129536K, 85% used [0x00000000c1800000,0x00000000c84bd618,0x00000000c9680000)
 PSPermGen       total 83968K, used 53551K [0x00000000bc600000, 0x00000000c1800000, 0x00000000c1800000)
  object space 83968K, 63% used [0x00000000bc600000,0x00000000bfa4bd08,0x00000000c1800000)
}
Event: 1144.432 GC heap before
{Heap before GC invocations=162 (full 6):
 PSYoungGen      total 117760K, used 117536K [0x00000000eb280000, 0x00000000f7a80000, 0x0000000100000000)
  eden space 115200K, 100% used [0x00000000eb280000,0x00000000f2300000,0x00000000f2300000)
  from space 2560K, 91% used [0x00000000f7680000,0x00000000f78c8000,0x00000000f7900000)
  to   space 1536K, 0% used [0x00000000f7900000,0x00000000f7900000,0x00000000f7a80000)
 ParOldGen       total 129536K, used 111349K [0x00000000c1800000, 0x00000000c9680000, 0x00000000eb280000)
  object space 129536K, 85% used [0x00000000c1800000,0x00000000c84bd618,0x00000000c9680000)
 PSPermGen       total 83968K, used 53553K [0x00000000bc600000, 0x00000000c1800000, 0x00000000c1800000)
  object space 83968K, 63% used [0x00000000bc600000,0x00000000bfa4c450,0x00000000c1800000)
Event: 1144.436 GC heap after
Heap after GC invocations=162 (full 6):
 PSYoungGen      total 133632K, used 608K [0x00000000eb280000, 0x00000000f7a00000, 0x0000000100000000)
  eden space 132608K, 0% used [0x00000000eb280000,0x00000000eb280000,0x00000000f3400000)
  from space 1024K, 59% used [0x00000000f7900000,0x00000000f7998000,0x00000000f7a00000)
  to   space 3072K, 0% used [0x00000000f7400000,0x00000000f7400000,0x00000000f7700000)
 ParOldGen       total 129536K, used 113197K [0x00000000c1800000, 0x00000000c9680000, 0x00000000eb280000)
  object space 129536K, 87% used [0x00000000c1800000,0x00000000c868b618,0x00000000c9680000)
 PSPermGen       total 83968K, used 53553K [0x00000000bc600000, 0x00000000c1800000, 0x00000000c1800000)
  object space 83968K, 63% used [0x00000000bc600000,0x00000000bfa4c450,0x00000000c1800000)
}
Event: 1145.349 GC heap before
{Heap before GC invocations=163 (full 6):
 PSYoungGen      total 133632K, used 133216K [0x00000000eb280000, 0x00000000f7a00000, 0x0000000100000000)
  eden space 132608K, 100% used [0x00000000eb280000,0x00000000f3400000,0x00000000f3400000)
  from space 1024K, 59% used [0x00000000f7900000,0x00000000f7998000,0x00000000f7a00000)
  to   space 3072K, 0% used [0x00000000f7400000,0x00000000f7400000,0x00000000f7700000)
 ParOldGen       total 129536K, used 113197K [0x00000000c1800000, 0x00000000c9680000, 0x00000000eb280000)
  object space 129536K, 87% used [0x00000000c1800000,0x00000000c868b618,0x00000000c9680000)
 PSPermGen       total 83968K, used 53609K [0x00000000bc600000, 0x00000000c1800000, 0x00000000c1800000)
  object space 83968K, 63% used [0x00000000bc600000,0x00000000bfa5a608,0x00000000c1800000)
Event: 1145.354 GC heap after
Heap after GC invocations=163 (full 6):
 PSYoungGen      total 154624K, used 2176K [0x00000000eb280000, 0x00000000f7980000, 0x0000000100000000)
  eden space 152064K, 0% used [0x00000000eb280000,0x00000000eb280000,0x00000000f4700000)
  from space 2560K, 85% used [0x00000000f7400000,0x00000000f7620000,0x00000000f7680000)
  to   space 3072K, 0% used [0x00000000f7680000,0x00000000f7680000,0x00000000f7980000)
 ParOldGen       total 129536K, used 113501K [0x00000000c1800000, 0x00000000c9680000, 0x00000000eb280000)
  object space 129536K, 87% used [0x00000000c1800000,0x00000000c86d7618,0x00000000c9680000)
 PSPermGen       total 83968K, used 53609K [0x00000000bc600000, 0x00000000c1800000, 0x00000000c1800000)
  object space 83968K, 63% used [0x00000000bc600000,0x00000000bfa5a608,0x00000000c1800000)
}
Event: 1147.286 GC heap before
{Heap before GC invocations=164 (full 6):
 PSYoungGen      total 154624K, used 154240K [0x00000000eb280000, 0x00000000f7980000, 0x0000000100000000)
  eden space 152064K, 100% used [0x00000000eb280000,0x00000000f4700000,0x00000000f4700000)
  from space 2560K, 85% used [0x00000000f7400000,0x00000000f7620000,0x00000000f7680000)
  to   space 3072K, 0% used [0x00000000f7680000,0x00000000f7680000,0x00000000f7980000)
 ParOldGen       total 129536K, used 113501K [0x00000000c1800000, 0x00000000c9680000, 0x00000000eb280000)
  object space 129536K, 87% used [0x00000000c1800000,0x00000000c86d7618,0x00000000c9680000)
 PSPermGen       total 83968K, used 53649K [0x00000000bc600000, 0x00000000c1800000, 0x00000000c1800000)
  object space 83968K, 63% used [0x00000000bc600000,0x00000000bfa64458,0x00000000c1800000)
Event: 1147.293 GC heap after
Heap after GC invocations=164 (full 6):
 PSYoungGen      total 147456K, used 1440K [0x00000000eb280000, 0x00000000f7800000, 0x0000000100000000)
  eden space 145920K, 0% used [0x00000000eb280000,0x00000000eb280000,0x00000000f4100000)
  from space 1536K, 93% used [0x00000000f7680000,0x00000000f77e8060,0x00000000f7800000)
  to   space 3072K, 0% used [0x00000000f7200000,0x00000000f7200000,0x00000000f7500000)
 ParOldGen       total 129536K, used 115213K [0x00000000c1800000, 0x00000000c9680000, 0x00000000eb280000)
  object space 129536K, 88% used [0x00000000c1800000,0x00000000c8883618,0x00000000c9680000)
 PSPermGen       total 83968K, used 53649K [0x00000000bc600000, 0x00000000c1800000, 0x00000000c1800000)
  object space 83968K, 63% used [0x00000000bc600000,0x00000000bfa64458,0x00000000c1800000)
}
Event: 1587.880 GC heap before
{Heap before GC invocations=165 (full 6):
 PSYoungGen      total 147456K, used 147360K [0x00000000eb280000, 0x00000000f7800000, 0x0000000100000000)
  eden space 145920K, 100% used [0x00000000eb280000,0x00000000f4100000,0x00000000f4100000)
  from space 1536K, 93% used [0x00000000f7680000,0x00000000f77e8060,0x00000000f7800000)
  to   space 3072K, 0% used [0x00000000f7200000,0x00000000f7200000,0x00000000f7500000)
 ParOldGen       total 129536K, used 115213K [0x00000000c1800000, 0x00000000c9680000, 0x00000000eb280000)
  object space 129536K, 88% used [0x00000000c1800000,0x00000000c8883618,0x00000000c9680000)
 PSPermGen       total 83968K, used 53651K [0x00000000bc600000, 0x00000000c1800000, 0x00000000c1800000)
  object space 83968K, 63% used [0x00000000bc600000,0x00000000bfa64ca0,0x00000000c1800000)
Event: 1587.949 GC heap after
Heap after GC invocations=165 (full 6):
 PSYoungGen      total 141312K, used 1152K [0x00000000eb280000, 0x00000000f7700000, 0x0000000100000000)
  eden space 139776K, 0% used [0x00000000eb280000,0x00000000eb280000,0x00000000f3b00000)
  from space 1536K, 75% used [0x00000000f7200000,0x00000000f7320040,0x00000000f7380000)
  to   space 3072K, 0% used [0x00000000f7400000,0x00000000f7400000,0x00000000f7700000)
 ParOldGen       total 129536K, used 115309K [0x00000000c1800000, 0x00000000c9680000, 0x00000000eb280000)
  object space 129536K, 89% used [0x00000000c1800000,0x00000000c889b618,0x00000000c9680000)
 PSPermGen       total 83968K, used 53651K [0x00000000bc600000, 0x00000000c1800000, 0x00000000c1800000)
  object space 83968K, 63% used [0x00000000bc600000,0x00000000bfa64ca0,0x00000000c1800000)
}

Deoptimization events (10 events):
Event: 367.959 Thread 0x000000000a0ed000 Uncommon trap: reason=bimorphic action=maybe_recompile pc=0x0000000002476338 method=java.util.HashMap.putForCreate(Ljava/lang/Object;Ljava/lang/Object;)V @ 97
Event: 367.990 Thread 0x000000000a0e7000 Uncommon trap: reason=bimorphic action=maybe_recompile pc=0x00000000025077ec method=java.util.regex.Pattern$Begin.match(Ljava/util/regex/Matcher;ILjava/lang/CharSequence;)Z @ 30
Event: 798.825 Thread 0x000000000a808800 Uncommon trap: reason=null_check action=make_not_entrant pc=0x00000000029a72b8 method=org.kohsuke.stapler.jelly.ResourceBundle.toStrings(Ljava/util/Locale;)[Ljava/lang/String; @ 12
Event: 799.140 Thread 0x000000000a808800 Uncommon trap: reason=bimorphic action=maybe_recompile pc=0x000000000290c82c method=org.apache.commons.jexl.parser.ASTReference.execute(Ljava/lang/Object;Lorg/apache/commons/jexl/JexlContext;)Ljava/lang/Object; @ 32
Event: 800.866 Thread 0x000000000a808000 Uncommon trap: reason=class_check action=maybe_recompile pc=0x0000000002936d68 method=net.sf.json.JSONArray.fromObject(Ljava/lang/Object;Lnet/sf/json/JsonConfig;)Lnet/sf/json/JSONArray; @ 49
Event: 800.877 Thread 0x000000000a809800 Uncommon trap: reason=class_check action=maybe_recompile pc=0x0000000002936d68 method=net.sf.json.JSONArray.fromObject(Ljava/lang/Object;Lnet/sf/json/JsonConfig;)Lnet/sf/json/JSONArray; @ 49
Event: 801.115 Thread 0x000000000a809800 Uncommon trap: reason=bimorphic action=maybe_recompile pc=0x0000000002476338 method=java.util.HashMap.putForCreate(Ljava/lang/Object;Ljava/lang/Object;)V @ 97
Event: 801.152 Thread 0x000000000a808800 Uncommon trap: reason=bimorphic action=maybe_recompile pc=0x00000000025077ec method=java.util.regex.Pattern$Begin.match(Ljava/util/regex/Matcher;ILjava/lang/CharSequence;)Z @ 30
Event: 848.658 Thread 0x000000000a807000 Uncommon trap: reason=range_check action=make_not_entrant pc=0x00000000029a54e8 method=java.text.SimpleDateFormat.format(Ljava/util/Date;Ljava/lang/StringBuffer;Ljava/text/Format$FieldDelegate;)Ljava/lang/StringBuffer; @ 48
Event: 1585.813 Thread 0x000000000a808000 Uncommon trap: reason=unreached action=reinterpret pc=0x00000000023fbe70 method=java.lang.ref.SoftReference.get()Ljava/lang/Object; @ 6

Internal exceptions (10 events):
Event: 1678.636 Thread 0x000000000a808800 Threw 0x00000000ef200a30 at C:\jdk7u2_64p\jdk7u40\hotspot\src\share\vm\prims\jvm.cpp:1244
Event: 1678.636 Thread 0x000000000a808800 Threw 0x00000000ef210950 at C:\jdk7u2_64p\jdk7u40\hotspot\src\share\vm\prims\jvm.cpp:1244
Event: 1678.638 Thread 0x000000000a808800 Threw 0x00000000ef2692d8 at C:\jdk7u2_64p\jdk7u40\hotspot\src\share\vm\prims\jvm.cpp:1244
Event: 1678.638 Thread 0x000000000a808800 Threw 0x00000000ef2793f8 at C:\jdk7u2_64p\jdk7u40\hotspot\src\share\vm\prims\jvm.cpp:1244
Event: 1678.642 Thread 0x000000000a808800 Threw 0x00000000ef3539e8 at C:\jdk7u2_64p\jdk7u40\hotspot\src\share\vm\prims\jvm.cpp:1244
Event: 1678.642 Thread 0x000000000a808800 Threw 0x00000000ef363b08 at C:\jdk7u2_64p\jdk7u40\hotspot\src\share\vm\prims\jvm.cpp:1244
Event: 1678.645 Thread 0x000000000a808800 Threw 0x00000000ef3d6c48 at C:\jdk7u2_64p\jdk7u40\hotspot\src\share\vm\prims\jvm.cpp:1244
Event: 1678.645 Thread 0x000000000a808800 Threw 0x00000000ef3e6d68 at C:\jdk7u2_64p\jdk7u40\hotspot\src\share\vm\prims\jvm.cpp:1244
Event: 1678.649 Thread 0x000000000a808800 Threw 0x00000000ef47b0c8 at C:\jdk7u2_64p\jdk7u40\hotspot\src\share\vm\prims\jvm.cpp:1244
Event: 1678.649 Thread 0x000000000a808800 Threw 0x00000000ef48b1e8 at C:\jdk7u2_64p\jdk7u40\hotspot\src\share\vm\prims\jvm.cpp:1244

Events (10 events):
Event: 2653.440 Executing VM operation: ChangeBreakpoints
Event: 2653.481 Executing VM operation: ChangeBreakpoints done
Event: 2653.482 Executing VM operation: ChangeBreakpoints
Event: 2653.482 Executing VM operation: ChangeBreakpoints done
Event: 2654.460 Executing VM operation: ChangeBreakpoints
Event: 2654.468 Executing VM operation: ChangeBreakpoints done
Event: 2656.178 Executing VM operation: ChangeBreakpoints
Event: 2656.182 Executing VM operation: ChangeBreakpoints done
Event: 2704.255 Executing VM operation: RedefineClasses
Event: 2704.452 Executing VM operation: RedefineClasses done


Dynamic libraries:
0x00007ff6d4750000 - 0x00007ff6d4783000 	C:\Program Files\Java\jdk1.7.0_40\bin\java.exe
0x00007fff8e6a0000 - 0x00007fff8e849000 	C:\WINDOWS\SYSTEM32\ntdll.dll
0x00007fff8e0c0000 - 0x00007fff8e1fa000 	C:\WINDOWS\system32\KERNEL32.DLL
0x00007fff8bd20000 - 0x00007fff8be2f000 	C:\WINDOWS\system32\KERNELBASE.dll
0x00007fff8c070000 - 0x00007fff8c115000 	C:\WINDOWS\system32\ADVAPI32.dll
0x00007fff8e210000 - 0x00007fff8e381000 	C:\WINDOWS\system32\USER32.dll
0x00007fff89590000 - 0x00007fff897ea000 	C:\WINDOWS\WinSxS\amd64_microsoft.windows.common-controls_6595b64144ccf1df_6.0.9600.16384_none_62475f7becb72503\COMCTL32.dll
0x00007fff8e590000 - 0x00007fff8e637000 	C:\WINDOWS\system32\msvcrt.dll
0x00007fff8e640000 - 0x00007fff8e697000 	C:\WINDOWS\SYSTEM32\sechost.dll
0x00007fff8c360000 - 0x00007fff8c496000 	C:\WINDOWS\system32\RPCRT4.dll
0x00007fff8df70000 - 0x00007fff8e0b5000 	C:\WINDOWS\system32\GDI32.dll
0x00007fff8c940000 - 0x00007fff8c974000 	C:\WINDOWS\system32\IMM32.DLL
0x00007fff8bf30000 - 0x00007fff8c069000 	C:\WINDOWS\system32\MSCTF.dll
0x000000005cb30000 - 0x000000005cc01000 	C:\Program Files\Java\jdk1.7.0_40\jre\bin\msvcr100.dll
0x000000005a5c0000 - 0x000000005ad89000 	C:\Program Files\Java\jdk1.7.0_40\jre\bin\server\jvm.dll
0x00007fff7b410000 - 0x00007fff7b419000 	C:\WINDOWS\SYSTEM32\WSOCK32.dll
0x00007fff843e0000 - 0x00007fff843ff000 	C:\WINDOWS\SYSTEM32\WINMM.dll
0x00007fff8e200000 - 0x00007fff8e207000 	C:\WINDOWS\system32\PSAPI.DLL
0x00007fff8dd90000 - 0x00007fff8dde8000 	C:\WINDOWS\system32\WS2_32.dll
0x00007fff83680000 - 0x00007fff836aa000 	C:\WINDOWS\SYSTEM32\WINMMBASE.dll
0x00007fff8c930000 - 0x00007fff8c939000 	C:\WINDOWS\system32\NSI.dll
0x00007fff8baf0000 - 0x00007fff8bb3a000 	C:\WINDOWS\SYSTEM32\cfgmgr32.dll
0x00007fff8a8b0000 - 0x00007fff8a8d6000 	C:\WINDOWS\SYSTEM32\DEVOBJ.dll
0x000000005cae0000 - 0x000000005caef000 	C:\Program Files\Java\jdk1.7.0_40\jre\bin\verify.dll
0x000000005cab0000 - 0x000000005cad8000 	C:\Program Files\Java\jdk1.7.0_40\jre\bin\java.dll
0x000000005a320000 - 0x000000005a355000 	C:\Program Files\Java\jdk1.7.0_40\jre\bin\jdwp.dll
0x000000005bb20000 - 0x000000005bb28000 	C:\Program Files\Java\jdk1.7.0_40\jre\bin\npt.dll
0x000000005ca90000 - 0x000000005caa5000 	C:\Program Files\Java\jdk1.7.0_40\jre\bin\zip.dll
0x000000005bb10000 - 0x000000005bb19000 	C:\Program Files\Java\jdk1.7.0_40\jre\bin\dt_socket.dll
0x00007fff8b240000 - 0x00007fff8b298000 	C:\WINDOWS\system32\mswsock.dll
0x000000005ca70000 - 0x000000005ca89000 	C:\Program Files\Java\jdk1.7.0_40\jre\bin\net.dll
0x000000005ca50000 - 0x000000005ca61000 	C:\Program Files\Java\jdk1.7.0_40\jre\bin\nio.dll
0x000000005a240000 - 0x000000005a264000 	C:\Program Files\Java\jdk1.7.0_40\jre\bin\sunec.dll
0x000000005adf0000 - 0x000000005adfb000 	C:\Program Files\Java\jdk1.7.0_40\jre\bin\sunmscapi.dll
0x00007fff8bb40000 - 0x00007fff8bd17000 	C:\WINDOWS\system32\CRYPT32.dll
0x00007fff8bad0000 - 0x00007fff8bae2000 	C:\WINDOWS\system32\MSASN1.dll
0x00007fff8b2a0000 - 0x00007fff8b2be000 	C:\WINDOWS\SYSTEM32\CRYPTSP.dll
0x00007fff8aee0000 - 0x00007fff8af15000 	C:\WINDOWS\system32\rsaenh.dll
0x00007fff8b4d0000 - 0x00007fff8b4f6000 	C:\WINDOWS\SYSTEM32\bcrypt.dll
0x00007fff8aff0000 - 0x00007fff8b00f000 	C:\WINDOWS\SYSTEM32\USERENV.dll
0x00007fff8ba20000 - 0x00007fff8ba34000 	C:\WINDOWS\SYSTEM32\profapi.dll
0x00007fff8b830000 - 0x00007fff8b88e000 	C:\WINDOWS\system32\bcryptprimitives.dll
0x00007fff8b890000 - 0x00007fff8b89a000 	C:\WINDOWS\SYSTEM32\CRYPTBASE.dll
0x00007fff7d3d0000 - 0x00007fff7d3e4000 	C:\WINDOWS\system32\napinsp.dll
0x00007fff7d3f0000 - 0x00007fff7d409000 	C:\WINDOWS\system32\pnrpnsp.dll
0x00007fff87860000 - 0x00007fff87879000 	C:\WINDOWS\system32\NLAapi.dll
0x00007fff8b050000 - 0x00007fff8b0f3000 	C:\WINDOWS\SYSTEM32\DNSAPI.dll
0x00007fff7d410000 - 0x00007fff7d41c000 	C:\WINDOWS\System32\winrnr.dll
0x00007fff7d550000 - 0x00007fff7d563000 	C:\WINDOWS\system32\wshbth.dll
0x000000005d070000 - 0x000000005d096000 	C:\Program Files\Bonjour\mdnsNSP.dll
0x00007fff86da0000 - 0x00007fff86dc9000 	C:\WINDOWS\SYSTEM32\Iphlpapi.DLL
0x00007fff86d90000 - 0x00007fff86d9a000 	C:\WINDOWS\SYSTEM32\WINNSI.DLL
0x00007fff79be0000 - 0x00007fff79be9000 	C:\Windows\System32\rasadhlp.dll
0x00007fff866a0000 - 0x00007fff86707000 	C:\WINDOWS\System32\fwpuclnt.dll
0x000000005a420000 - 0x000000005a5b5000 	C:\Program Files\Java\jdk1.7.0_40\jre\bin\awt.dll
0x00007fff8e3f0000 - 0x00007fff8e4a7000 	C:\WINDOWS\system32\OLEAUT32.dll
0x00007fff8c180000 - 0x00007fff8c357000 	C:\WINDOWS\system32\combase.dll
0x00007fff8a650000 - 0x00007fff8a6db000 	C:\WINDOWS\system32\apphelp.dll
0x000000005a3e0000 - 0x000000005a41f000 	C:\Program Files\Java\jdk1.7.0_40\jre\bin\fontmanager.dll
0x000000005ca40000 - 0x000000005ca4b000 	C:\Program Files\Java\jdk1.7.0_40\jre\bin\management.dll
0x0000000180000000 - 0x0000000180037000 	C:\Users\Yunus\AppData\Local\Temp\jna\jna9172856302462299914.dll
0x00007fff75240000 - 0x00007fff753c8000 	C:\WINDOWS\SYSTEM32\dbghelp.dll

VM Arguments:
jvm_args: -Xdebug -Xrunjdwp:transport=dt_socket,server=n,address=58803 -Dclassworlds.conf=C:\Program Files\NetBeans 7.3.1\java\maven\bin\m2.conf -Dmaven.home=C:\Program Files\NetBeans 7.3.1\java\maven 
java_command: org.codehaus.plexus.classworlds.launcher.Launcher -Djpda.listen=maven -Djpda.address=58803 hpi:run
Launcher Type: SUN_STANDARD

Environment Variables:
JAVA_HOME=C:\Program Files\Java\jdk1.7.0_40
PATH=C:\WINDOWS\system32;C:\WINDOWS;C:\WINDOWS\System32\Wbem;C:\WINDOWS\System32\WindowsPowerShell\v1.0\;C:\apache-maven-3.1.0\bin;C:\Program Files\MATLAB\R2013a\runtime\win64;C:\Program Files\MATLAB\R2013a\bin
USERNAME=Yunus
OS=Windows_NT
PROCESSOR_IDENTIFIER=Intel64 Family 6 Model 58 Stepping 9, GenuineIntel



---------------  S Y S T E M  ---------------

OS: Windows 8 , 64 bit Build 9200 

CPU:total 4 (2 cores per cpu, 2 threads per core) family 6 model 58 stepping 9, cmov, cx8, fxsr, mmx, sse, sse2, sse3, ssse3, sse4.1, sse4.2, popcnt, avx, aes, erms, ht, tsc, tscinvbit, tscinv

Memory: 4k page, physical 4091156k(376736k free), swap 7293288k(1677820k free)

vm_info: Java HotSpot(TM) 64-Bit Server VM (24.0-b56) for windows-amd64 JRE (1.7.0_40-b43), built on Aug 26 2013 22:38:32 by "java_re" with unknown MS VC++:1600

time: Sun Oct 13 18:36:07 2013
elapsed time: 2704 seconds

